Received POST data chunk:
'requestType=save&userID=3865789494&name=Luos&message=o'

Received valid POST data:
requestType='save'
userID='3865789494'
name='Luos'
message='o'

Added newUser to user.

Received POST data chunk:
'requestType=save&userID=3865789494&name=Luos&message=ok'

Received valid POST data:
requestType='save'
userID='3865789494'
name='Luos'
message='ok'

User found & updated, ID=3865789494

Received POST data chunk:
'requestType=save&userID=3865789494&name=Luos&message=oki'

Received valid POST data:
requestType='save'
userID='3865789494'
name='Luos'
message='oki'

User found & updated, ID=3865789494

Received POST data chunk:
'requestType=save&userID=3865789494&name=Luos&message=okim'

Received valid POST data:
requestType='save'
userID='3865789494'
name='Luos'
message='okim'

User found & updated, ID=3865789494

Received POST data chunk:
'requestType=save&userID=3865789494&name=Luos&message=okime'

Received valid POST data:
requestType='save'
userID='3865789494'
name='Luos'
message='okime'

User found & updated, ID=3865789494

Received POST data chunk:
'requestType=save&userID=3865789494&name=Luos&message=okimeh'

Received valid POST data:
requestType='save'
userID='3865789494'
name='Luos'
message='okimeh'

User found & updated, ID=3865789494

Received POST data chunk:
'requestType=save&userID=3865789494&name=Luos&message=okimehe'

Received valid POST data:
requestType='save'
userID='3865789494'
name='Luos'
message='okimehe'

User found & updated, ID=3865789494

Received POST data chunk:
'requestType=save&userID=3865789494&name=Luos&message=okimeher'

Received valid POST data:
requestType='save'
userID='3865789494'
name='Luos'
message='okimeher'

User found & updated, ID=3865789494

Received POST data chunk:
'requestType=save&userID=3865789494&name=Luos&message=okimehere'

Received valid POST data:
requestType='save'
userID='3865789494'
name='Luos'
message='okimehere'

User found & updated, ID=3865789494

Received POST data chunk:
'requestType=save&userID=2333742501&name=Luis&message=o'

Received valid POST data:
requestType='save'
userID='2333742501'
name='Luis'
message='o'

Invalid user found and removed.

Added newUser to user.

Received POST data chunk:
'requestType=save&userID=2333742501&name=Luis&message=ok'

Received valid POST data:
requestType='save'
userID='2333742501'
name='Luis'
message='ok'

User found & updated, ID=2333742501

Received POST data chunk:
'requestType=save&userID=1630167703&name=Luis&message=h'

Received valid POST data:
requestType='save'
userID='1630167703'
name='Luis'
message='h'

Added newUser to user.

Received POST data chunk:
'requestType=save&userID=1630167703&name=Luis&message=hm'

Received valid POST data:
requestType='save'
userID='1630167703'
name='Luis'
message='hm'

User found & updated, ID=1630167703

Received POST data chunk:
'requestType=save&userID=1630167703&name=Luis&message=hmm'

Received valid POST data:
requestType='save'
userID='1630167703'
name='Luis'
message='hmm'

User found & updated, ID=1630167703

Received POST data chunk:
'requestType=save&userID=1630167703&name=Luis&message=hmm%20'

Received valid POST data:
requestType='save'
userID='1630167703'
name='Luis'
message='hmm '

User found & updated, ID=1630167703

Received POST data chunk:
'requestType=save&userID=1630167703&name=Luis&message=hmm%20s'

Received valid POST data:
requestType='save'
userID='1630167703'
name='Luis'
message='hmm s'

User found & updated, ID=1630167703

Received POST data chunk:
'requestType=save&userID=1630167703&name=Luis&message=hmm%20su'

Received valid POST data:
requestType='save'
userID='1630167703'
name='Luis'
message='hmm su'

User found & updated, ID=1630167703

Received POST data chunk:
'requestType=save&userID=1630167703&name=Luis&message=hmm%20sup'

Received valid POST data:
requestType='save'
userID='1630167703'
name='Luis'
message='hmm sup'

User found & updated, ID=1630167703

Received POST data chunk:
'requestType=save&userID=1630167703&name=Luis&message=hmm%20supe'

Received valid POST data:
requestType='save'
userID='1630167703'
name='Luis'
message='hmm supe'

User found & updated, ID=1630167703

Received POST data chunk:
'requestType=save&userID=1630167703&name=Luis&message=hmm%20super'

Received valid POST data:
requestType='save'
userID='1630167703'
name='Luis'
message='hmm super'

User found & updated, ID=1630167703

Received POST data chunk:
'requestType=save&userID=1630167703&name=Luis&message=hmm%20superr'

Received valid POST data:
requestType='save'
userID='1630167703'
name='Luis'
message='hmm superr'

User found & updated, ID=1630167703

Received POST data chunk:
'requestType=save&userID=1630167703&name=Luis&message=hmm%20superrr'

Received valid POST data:
requestType='save'
userID='1630167703'
name='Luis'
message='hmm superrr'

User found & updated, ID=1630167703

Received POST data chunk:
'requestType=save&userID=1630167703&name=Luis&message=hmm%20superrre'

Received valid POST data:
requestType='save'
userID='1630167703'
name='Luis'
message='hmm superrre'

User found & updated, ID=1630167703

Received POST data chunk:
'requestType=save&userID=1630167703&name=Luis&message=i'

Received valid POST data:
requestType='save'
userID='1630167703'
name='Luis'
message='i'

User found & updated, ID=1630167703

Received POST data chunk:
'requestType=save&userID=1630167703&name=Luis&message=i%20'

Received valid POST data:
requestType='save'
userID='1630167703'
name='Luis'
message='i '

User found & updated, ID=1630167703

Received POST data chunk:
'requestType=save&userID=1630167703&name=Luis&message=i%20l'

Received valid POST data:
requestType='save'
userID='1630167703'
name='Luis'
message='i l'

User found & updated, ID=1630167703

Received POST data chunk:
'requestType=save&userID=1630167703&name=Luis&message=i%20lo'

Received valid POST data:
requestType='save'
userID='1630167703'
name='Luis'
message='i lo'

User found & updated, ID=1630167703

Received POST data chunk:
'requestType=save&userID=1630167703&name=Luis&message=i%20lov'

Received valid POST data:
requestType='save'
userID='1630167703'
name='Luis'
message='i lov'

User found & updated, ID=1630167703

Received POST data chunk:
'requestType=save&userID=1630167703&name=Luis&message=i%20love%20'

Received valid POST data:
requestType='save'
userID='1630167703'
name='Luis'
message='i love '

User found & updated, ID=1630167703

Received POST data chunk:
'requestType=save&userID=1630167703&name=Luis&message=i%20love%20'

Received valid POST data:
requestType='save'
userID='1630167703'
name='Luis'
message='i love '

User found & updated, ID=1630167703

Received POST data chunk:
'requestType=save&userID=1630167703&name=Luis&message=i%20love%20i'

Received valid POST data:
requestType='save'
userID='1630167703'
name='Luis'
message='i love i'

User found & updated, ID=1630167703

Received POST data chunk:
'requestType=save&userID=1630167703&name=Luis&message=i%20love%20it'

Received valid POST data:
requestType='save'
userID='1630167703'
name='Luis'
message='i love it'

User found & updated, ID=1630167703

Invalid user found and removed.

Invalid user found and removed.

